#INFO, C:\Users\giric\Music\3 курс 1 семестр\Python\CreatingAdAI\AdForgeUI\main_window.py, line 59, [2024-05-23 15:10:07]: Приложение инициализировано
#INFO, C:\Users\giric\Music\3 курс 1 семестр\Python\CreatingAdAI\AdForgeUI\main_window.py, line 179, [2024-05-23 15:10:07]: Кнопка 'close' привязана к функции close_window
#INFO, C:\Users\giric\Music\3 курс 1 семестр\Python\CreatingAdAI\AdForgeUI\main_window.py, line 179, [2024-05-23 15:10:07]: Кнопка 'collapse' привязана к функции minimize_window
#INFO, C:\Users\giric\Music\3 курс 1 семестр\Python\CreatingAdAI\AdForgeUI\main_window.py, line 144, [2024-05-23 15:10:07]: UI инициализирован
#INFO, C:\Users\giric\Music\3 курс 1 семестр\Python\CreatingAdAI\AdForgeUI\main_window.py, line 63, [2024-05-23 15:10:07]: AdManager инициализирован
#INFO, C:\Users\giric\Music\3 курс 1 семестр\Python\CreatingAdAI\AdForgeUI\main_window.py, line 60, [2024-05-23 15:13:42]: Приложение инициализировано
#INFO, C:\Users\giric\Music\3 курс 1 семестр\Python\CreatingAdAI\AdForgeUI\main_window.py, line 180, [2024-05-23 15:13:43]: Кнопка 'close' привязана к функции close_window
#INFO, C:\Users\giric\Music\3 курс 1 семестр\Python\CreatingAdAI\AdForgeUI\main_window.py, line 180, [2024-05-23 15:13:43]: Кнопка 'collapse' привязана к функции minimize_window
#INFO, C:\Users\giric\Music\3 курс 1 семестр\Python\CreatingAdAI\AdForgeUI\main_window.py, line 145, [2024-05-23 15:13:43]: UI инициализирован
#INFO, C:\Users\giric\Music\3 курс 1 семестр\Python\CreatingAdAI\AdForgeUI\main_window.py, line 64, [2024-05-23 15:13:43]: AdManager инициализирован
#INFO, C:\Users\giric\Music\3 курс 1 семестр\Python\CreatingAdAI\AdForgeUI\event_handlers.py, line 91, [2024-05-23 15:14:05]: Кнопка 'V Генерация' нажата
#INFO, C:\Users\giric\Music\3 курс 1 семестр\Python\CreatingAdAI\AdForgeUI\event_handlers.py, line 101, [2024-05-23 15:14:05]: Тексты объединены и отображены
#INFO, C:\Users\giric\Music\3 курс 1 семестр\Python\CreatingAdAI\AdForgeUI\main_window.py, line 60, [2024-05-23 15:19:09]: Приложение инициализировано
#INFO, C:\Users\giric\Music\3 курс 1 семестр\Python\CreatingAdAI\AdForgeUI\main_window.py, line 181, [2024-05-23 15:19:09]: Кнопка 'close' привязана к функции close_window
#INFO, C:\Users\giric\Music\3 курс 1 семестр\Python\CreatingAdAI\AdForgeUI\main_window.py, line 181, [2024-05-23 15:19:09]: Кнопка 'collapse' привязана к функции minimize_window
#INFO, C:\Users\giric\Music\3 курс 1 семестр\Python\CreatingAdAI\AdForgeUI\main_window.py, line 146, [2024-05-23 15:19:09]: UI инициализирован
#INFO, C:\Users\giric\Music\3 курс 1 семестр\Python\CreatingAdAI\AdForgeUI\main_window.py, line 64, [2024-05-23 15:19:09]: AdManager инициализирован
#INFO, C:\Users\giric\Music\3 курс 1 семестр\Python\CreatingAdAI\AdForgeUI\main_window.py, line 186, [2024-05-23 15:19:11]: Закрытие окна
#INFO, C:\Users\giric\Music\3 курс 1 семестр\Python\CreatingAdAI\AdForgeUI\main_window.py, line 60, [2024-05-23 15:19:13]: Приложение инициализировано
#INFO, C:\Users\giric\Music\3 курс 1 семестр\Python\CreatingAdAI\AdForgeUI\main_window.py, line 181, [2024-05-23 15:19:14]: Кнопка 'close' привязана к функции close_window
#INFO, C:\Users\giric\Music\3 курс 1 семестр\Python\CreatingAdAI\AdForgeUI\main_window.py, line 181, [2024-05-23 15:19:14]: Кнопка 'collapse' привязана к функции minimize_window
#INFO, C:\Users\giric\Music\3 курс 1 семестр\Python\CreatingAdAI\AdForgeUI\main_window.py, line 146, [2024-05-23 15:19:14]: UI инициализирован
#INFO, C:\Users\giric\Music\3 курс 1 семестр\Python\CreatingAdAI\AdForgeUI\main_window.py, line 64, [2024-05-23 15:19:14]: AdManager инициализирован
#INFO, C:\Users\giric\Music\3 курс 1 семестр\Python\CreatingAdAI\AdForgeUI\event_handlers.py, line 91, [2024-05-23 15:19:19]: Кнопка 'V Генерация' нажата
#INFO, C:\Users\giric\Music\3 курс 1 семестр\Python\CreatingAdAI\AdForgeUI\event_handlers.py, line 101, [2024-05-23 15:19:19]: Тексты объединены и отображены
#INFO, C:\Users\giric\Music\3 курс 1 семестр\Python\CreatingAdAI\AdForgeUI\main_window.py, line 60, [2024-05-23 15:19:39]: Приложение инициализировано
#INFO, C:\Users\giric\Music\3 курс 1 семестр\Python\CreatingAdAI\AdForgeUI\main_window.py, line 181, [2024-05-23 15:19:40]: Кнопка 'close' привязана к функции close_window
#INFO, C:\Users\giric\Music\3 курс 1 семестр\Python\CreatingAdAI\AdForgeUI\main_window.py, line 181, [2024-05-23 15:19:40]: Кнопка 'collapse' привязана к функции minimize_window
#INFO, C:\Users\giric\Music\3 курс 1 семестр\Python\CreatingAdAI\AdForgeUI\main_window.py, line 146, [2024-05-23 15:19:40]: UI инициализирован
#INFO, C:\Users\giric\Music\3 курс 1 семестр\Python\CreatingAdAI\AdForgeUI\main_window.py, line 64, [2024-05-23 15:19:40]: AdManager инициализирован
#INFO, C:\Users\giric\Music\3 курс 1 семестр\Python\CreatingAdAI\AdForgeUI\event_handlers.py, line 69, [2024-05-23 15:19:41]: Переход к InputDialog
#INFO, C:\Users\giric\Music\3 курс 1 семестр\Python\CreatingAdAI\AdForgeUI\main_window.py, line 60, [2024-05-23 15:19:56]: Приложение инициализировано
#INFO, C:\Users\giric\Music\3 курс 1 семестр\Python\CreatingAdAI\AdForgeUI\main_window.py, line 181, [2024-05-23 15:19:56]: Кнопка 'close' привязана к функции close_window
#INFO, C:\Users\giric\Music\3 курс 1 семестр\Python\CreatingAdAI\AdForgeUI\main_window.py, line 181, [2024-05-23 15:19:56]: Кнопка 'collapse' привязана к функции minimize_window
#INFO, C:\Users\giric\Music\3 курс 1 семестр\Python\CreatingAdAI\AdForgeUI\main_window.py, line 146, [2024-05-23 15:19:56]: UI инициализирован
#INFO, C:\Users\giric\Music\3 курс 1 семестр\Python\CreatingAdAI\AdForgeUI\main_window.py, line 64, [2024-05-23 15:19:56]: AdManager инициализирован
#INFO, C:\Users\giric\Music\3 курс 1 семестр\Python\CreatingAdAI\AdForgeUI\event_handlers.py, line 69, [2024-05-23 15:19:58]: Переход к InputDialog
#INFO, C:\Users\giric\Music\3 курс 1 семестр\Python\CreatingAdAI\AdForgeUI\main_window.py, line 60, [2024-05-23 15:20:05]: Приложение инициализировано
#INFO, C:\Users\giric\Music\3 курс 1 семестр\Python\CreatingAdAI\AdForgeUI\main_window.py, line 181, [2024-05-23 15:20:05]: Кнопка 'close' привязана к функции close_window
#INFO, C:\Users\giric\Music\3 курс 1 семестр\Python\CreatingAdAI\AdForgeUI\main_window.py, line 181, [2024-05-23 15:20:05]: Кнопка 'collapse' привязана к функции minimize_window
#INFO, C:\Users\giric\Music\3 курс 1 семестр\Python\CreatingAdAI\AdForgeUI\main_window.py, line 146, [2024-05-23 15:20:05]: UI инициализирован
#INFO, C:\Users\giric\Music\3 курс 1 семестр\Python\CreatingAdAI\AdForgeUI\main_window.py, line 64, [2024-05-23 15:20:05]: AdManager инициализирован
#INFO, C:\Users\giric\Music\3 курс 1 семестр\Python\CreatingAdAI\AdForgeUI\main_window.py, line 60, [2024-05-23 15:20:17]: Приложение инициализировано
#INFO, C:\Users\giric\Music\3 курс 1 семестр\Python\CreatingAdAI\AdForgeUI\main_window.py, line 181, [2024-05-23 15:20:18]: Кнопка 'close' привязана к функции close_window
#INFO, C:\Users\giric\Music\3 курс 1 семестр\Python\CreatingAdAI\AdForgeUI\main_window.py, line 181, [2024-05-23 15:20:18]: Кнопка 'collapse' привязана к функции minimize_window
#INFO, C:\Users\giric\Music\3 курс 1 семестр\Python\CreatingAdAI\AdForgeUI\main_window.py, line 146, [2024-05-23 15:20:18]: UI инициализирован
#INFO, C:\Users\giric\Music\3 курс 1 семестр\Python\CreatingAdAI\AdForgeUI\main_window.py, line 64, [2024-05-23 15:20:18]: AdManager инициализирован
#INFO, C:\Users\giric\Music\3 курс 1 семестр\Python\CreatingAdAI\AdForgeUI\event_handlers.py, line 91, [2024-05-23 15:20:22]: Кнопка 'V Генерация' нажата
#INFO, C:\Users\giric\Music\3 курс 1 семестр\Python\CreatingAdAI\AdForgeUI\event_handlers.py, line 101, [2024-05-23 15:20:22]: Тексты объединены и отображены
#INFO, C:\Users\giric\Music\3 курс 1 семестр\Python\CreatingAdAI\AdForgeUI\main_window.py, line 60, [2024-05-23 15:24:39]: Приложение инициализировано
#INFO, C:\Users\giric\Music\3 курс 1 семестр\Python\CreatingAdAI\AdForgeUI\main_window.py, line 181, [2024-05-23 15:24:39]: Кнопка 'close' привязана к функции close_window
#INFO, C:\Users\giric\Music\3 курс 1 семестр\Python\CreatingAdAI\AdForgeUI\main_window.py, line 181, [2024-05-23 15:24:39]: Кнопка 'collapse' привязана к функции minimize_window
#INFO, C:\Users\giric\Music\3 курс 1 семестр\Python\CreatingAdAI\AdForgeUI\main_window.py, line 146, [2024-05-23 15:24:39]: UI инициализирован
#INFO, C:\Users\giric\Music\3 курс 1 семестр\Python\CreatingAdAI\AdForgeUI\main_window.py, line 64, [2024-05-23 15:24:39]: AdManager инициализирован
#INFO, C:\Users\giric\Music\3 курс 1 семестр\Python\CreatingAdAI\AdForgeUI\main_window.py, line 60, [2024-05-23 15:24:56]: Приложение инициализировано
#INFO, C:\Users\giric\Music\3 курс 1 семестр\Python\CreatingAdAI\AdForgeUI\main_window.py, line 181, [2024-05-23 15:24:56]: Кнопка 'close' привязана к функции close_window
#INFO, C:\Users\giric\Music\3 курс 1 семестр\Python\CreatingAdAI\AdForgeUI\main_window.py, line 181, [2024-05-23 15:24:56]: Кнопка 'collapse' привязана к функции minimize_window
#INFO, C:\Users\giric\Music\3 курс 1 семестр\Python\CreatingAdAI\AdForgeUI\main_window.py, line 146, [2024-05-23 15:24:57]: UI инициализирован
#INFO, C:\Users\giric\Music\3 курс 1 семестр\Python\CreatingAdAI\AdForgeUI\main_window.py, line 64, [2024-05-23 15:24:57]: AdManager инициализирован
#INFO, C:\Users\giric\Music\3 курс 1 семестр\Python\CreatingAdAI\AdForgeUI\event_handlers.py, line 69, [2024-05-23 15:25:01]: Переход к InputDialog
#INFO, C:\Users\giric\Music\3 курс 1 семестр\Python\CreatingAdAI\AdForgeUI\main_window.py, line 60, [2024-05-23 15:48:20]: Приложение инициализировано
#INFO, C:\Users\giric\Music\3 курс 1 семестр\Python\CreatingAdAI\AdForgeUI\main_window.py, line 181, [2024-05-23 15:48:21]: Кнопка 'close' привязана к функции close_window
#INFO, C:\Users\giric\Music\3 курс 1 семестр\Python\CreatingAdAI\AdForgeUI\main_window.py, line 181, [2024-05-23 15:48:21]: Кнопка 'collapse' привязана к функции minimize_window
#INFO, C:\Users\giric\Music\3 курс 1 семестр\Python\CreatingAdAI\AdForgeUI\main_window.py, line 146, [2024-05-23 15:48:21]: UI инициализирован
#INFO, C:\Users\giric\Music\3 курс 1 семестр\Python\CreatingAdAI\AdForgeUI\main_window.py, line 64, [2024-05-23 15:48:21]: AdManager инициализирован
#INFO, C:\Users\giric\Music\3 курс 1 семестр\Python\CreatingAdAI\AdForgeUI\event_handlers.py, line 69, [2024-05-23 15:48:28]: Переход к InputDialog
